:104000005542200135D0085A8245561231400039B8
:104010003F401E000F9308249242561220012F8326
:104020009F4FF6610011F8233F4038010F9307249A
:104030009242561220011F83CF431E11F923218380
:10404000B0126645474F3D400C003E40FF003F40E8
:104050004E11B0129457F2431812F2435312B24069
:10406000805A2001A242600182432E01A2428001B7
:1040700082431E01B24020026001B2402001800153
:10408000F24084FF5700C2435800B2400040820112
:104090003B400C003D4000080E430C4E0CDD5942E5
:1040A00057000A4C8A107AF0070079F0F8FF4AD9D5
:1040B000C24A5700C24C5600794003000A430843E5
:1040C0000F3C18429001385282489201B2F0FEFF34
:1040D000820192B38201FD271F427001084A0A4FF4
:1040E0007953EF230A883A900104012C0E4C0D11EC
:1040F0003B53D3230F4E3FF0E0003F90E0000220FF
:104100003EF0E0FF5C4257000D4E8D107DF0070041
:104110007CF0F8FF4DDCC24D5700C24E56005E42A7
:1041200057007EF007007ED080FFC24E5700E2426B
:104130005800F2F0FDFF000082437001B24002021D
:10414000600182439001B240020180011E42600181
:104150003EF0CFFF3ED02000824E60011E42800123
:104160003EF0CFFF3ED02000824E8001C2432600A9
:10417000C2432E00C2431B00C2431F00C243330090
:10418000C2433700C2432100F240E0FF2200F24068
:1041900030002900F2407B002A00C2431900F2409F
:1041A000F1FF1A00F240DDFF1D00F240FDFF1E008E
:1041B000F2433100F2433200C2433500F24336008D
:1041C000C2432500C2432D001F4270011E427001F0
:1041D0000E8F3E900128FA2BE2D31A00F2D21A0079
:1041E000F2D080FF1E00F2D010001E00F2D080FF3F
:1041F0001D00F2D010001D0003430343F2F0EFFF57
:104200001D00F2F0F7FF19005F43B0126E444F43F8
:10421000B0126E445F43B0126E445F43B0126E44FE
:104220005F43B0126E444F43B0126E444F43B0121E
:104230006E445F43B0126E44F2D010001D00F2D203
:104240001900E2D31900F2D010003200F2D02000A1
:104250003200F2D040003200B012424CB012524C48
:10426000B012624CB01284554F93FC23F2435C11A0
:10427000C2437011C2437211F2400A00FC11C243E2
:104280006411C2436A11C243191282435412C243D9
:104290005212C2438411B0125044C2437511C2433A
:1042A0007411C2431E11B2F0EFFF8201B240004010
:1042B0008201B01284554F93FC234F47B0127845CA
:1042C00032D2B01266454E4FF2900A00FC1106241D
:1042D000E29260110324B0127845073C4F4EB012B1
:1042E00078457F400500B0128045B012724C824E76
:1042F0008811824F8A11B240E8038C1182438E11DB
:104300005F4290117FF0FEFF6FD3C24F90115F4369
:10431000B0128045B01266454A4F863CC2931411D4
:104320007724B2B0100062010820B2B0100064011E
:104330000420B2B01000660107241E4260013EF066
:1043400000033E9000022E245F4204003FB0C000F4
:1043500005245F4271003FF0200026205F420500E7
:104360003FB0300005245F4279003FF020001E205E
:104370005F4270001FF31C245F4271003FF0200079
:104380001A245F4272003FF0200018245F42700040
:104390002FF217245F4270003FF0200015207E406E
:1043A0000500133C6E43113C6E430F3C6E430D3CC5
:1043B0007E4005000A3C7E400500073C7E4005002B
:1043C000043C7E400500013C6E43B2B01000A001E9
:1043D0001924B2B01000A2010524B2B2A2010F2428
:1043E0006E43103C1F42A2013FB000040B241D424B
:1043F00060013DF000033D9000020420023C4E436A
:10440000013C6E437E90050001286E42C24E4A1167
:104410005E424A110E5E1E4EE2613ED2814E0000A7
:1044200022D132C203430343F29318127727B0120A
:104430000C454B4F7F9372274F4AB01278454F4B34
:10444000B0129850673F32D0F000FD3F3040A46179
:10445000C2430D12C2430C12E2426011C243FE116C
:10446000C2431212C24361118243821130414F9301
:1044700004245F4219006FD3043C5F4219007FF0AF
:10448000FDFFC24F1900F2D21900F2F0F7FF190038
:104490003041F2F0EFFF05003F403300FFF0FDFF39
:1044A0000000FFF0FBFF0000FFF0F7FF00003041CD
:1044B000F2F0CFFF05003F401B00FFF0BFFF000000
:1044C000FFF07F00000030410D4F8D104D4D4F4FDC
:1044D0008F100DDF4E4E0DEE4F4D12C34F1012C315
:1044E0004F1012C34F1012C34F104E4F0EED4F4ED0
:1044F0008F100F5F0F5F0F5F0F5F0FEE4E4F0E5E5F
:104500000E5E0E5E0E5E0E5E0FEE30415F421812C2
:104510004E4F3E504E116D4EC24D18127D930220EB
:10452000F2435312FE43000030415F930C240328F2
:104530006F931820103C1F4262018F105FF312240A
:104540001F42720130411F4264018F105FF30A2441
:104550001F42740130411F4266018F105FF3022435
:104560001F42760130410E4232C2034303433EF202
:104570005F4301204F4330414F93012432D23041F9
:104580000B124B4FB01266454E4BFE934E11062058
:104590001E43C29B531203240E43013C1E430E9341
:1045A0000E20F29318120320C24B1812043C5E42F4
:1045B0005312CE4B4E11C24B53124B43023C7B4025
:1045C0000500B01278454F4B3B413041C29330114A
:1045D0002C204F932A20D2433011D24212112E1197
:1045E000D2B342110F430F6FC24F4D1192420C11C3
:1045F0002C11D24240112A115E4242115EF35F43F8
:1046000001244F435E4242117EF0FEFF4EDF1FF356
:104610000F5F924F0E110C117EF0E7FFC24E421158
:104620007F400900B01280453041D2B342110F43A0
:104630000F6F5E4242114F9303247EF0FBFF023C5A
:104640007EF0FDFFC24E42113041F2900A00FC1193
:104650000320E29260110324D243441130417F4091
:104660000600B0128045C243441130410B12B01213
:1046700066454B4FC293521207206F42B0128045DD
:104680004F930220D24352124F4BB01278453B4118
:1046900030410B120A124B4F4A4E5F4260115F933A
:1046A0000E2406286F933C247F900300E720463CAD
:1046B0004B9302203040A448B0125044F13C4B933D
:1046C000F1201F428211B012C844824F8211E2438E
:1046D0006011C24A12127A904400D0205D42421109
:1046E0005DF30324E2B24211023CE2B342110E43F5
:1046F0000E6E4E93C3205F4242114D9302246FD23F
:10470000013C6FD3C24F42115F4242117FF0E7FF7D
:104710007FD2C24F4211C2434011F2431211C23C38
:104720004B93AC20C24E61111F428211B012C8449B
:10473000824F8211F24003006011B43C5F42FE11CF
:104740007F939C244B9341246F9398285F420C12D3
:104750004F9302247F53013C6F434E4F5E4E0E1227
:104760008E104F9302247F53013C6F434F4F5F4F96
:104770000E120FDE1F92821181204F43B012CC45E2
:104780005C4261115E4274115B4275114F4E5F5382
:104790007F900600022C4D4F013C4D434D9B0C2455
:1047A0004E4ECE4C7611C24F74117F9006000228F7
:1047B000C2437411B0126C46B0125044F2F0FDFFC7
:1047C0002811C29344116E24643C6F9346285F42C3
:1047D0000D125E4F0E125F42421112C34F1012C3F0
:1047E0004F1012C34F103FF003001F9303242F9369
:1047F0002020133C5F4242117FF0E7FF7FD0100082
:10480000C24F42114E9302244F43023C7F400500A9
:10481000C24F4011C24E12110C3C5F4240117F90BA
:104820003400072C4F4F1F520C11CF4E0000D253B3
:1048300040115D420D124F4D5E4F0E124F4D5F53B2
:10484000C24F0D127F9003000228C2430D121F4277
:104850008211B012C844824F82115E420C124F4E38
:10486000CF4A0E124F4E5F53C24F0C127F9003007F
:104870000228C2430C12D253FE11143CB012504411
:10488000F2F0FDFF28115F43B012CC45C2934411F2
:104890000524E2426011B0124A46043C4B930224C4
:1048A000D24360113A413B4130410B120A120B4D89
:1048B0004A4C7C901D00442CCD4E06008E10CD4EEF
:1048C0000500CD4F0B00CB4C090082933C113A20E0
:1048D000B0126645F24005003811C2433611824BD2
:1048E0003E11A2433C11C2433211C24334117A50EB
:1048F0000C00C24A3A11B0127845B0126645F290E7
:104900000A00FC110320B0127845163CB01278451D
:10491000B0126645C29372110620D2437211C2438F
:1049200073115B43013C4B43B01278454B93042415
:10493000B0126C464F43083C82433C115F43043C39
:104940006F43023C7F4005003A413B413041C24346
:1049500013111D427C110D9304245F421B121FF39F
:104960000224D2431311C293131112205F4D05008C
:104970008F105E4D06005C4D09000EDF5F4D0B0091
:10498000B012AA484F9304247F400300B012804520
:1049900030415F4223128F105E422412C243131132
:1049A0007C401C003D401E120EDF5F422912B012F7
:1049B000AA484F930424D243131182437C113041FF
:1049C0000B125B4220117B901C00022C4B4B023CD3
:1049D0003B401C003D401C000E433F402A12B012D9
:1049E00094575F4224115D4220110E430D3C4C4F01
:1049F0005C4C04124D9305245F537F9201204F437A
:104A00007D53CE4C2A121E530E9BF123C24F24110C
:104A1000C24D2011F2432412F2432312F2406400EB
:104A2000291282937C110D20B2401E127C11F2409B
:104A30001C002712C29313110824B01292494F93FD
:104A400004247F400B00B01280453B4130414F931E
:104A50000F204E930920C29320110324B012C049A5
:104A60003041C2431E1130417F400B00B0128045DF
:104A70003041B01266454E4FC29308110820F290A3
:104A8000030026110420B01278455F4330414F4E99
:104A9000B01278454F433041B012724A4F931124FF
:104AA00082931C121020B2405A111C129243001221
:104AB000C2434C1192436211D2425A117F004F43BC
:104AC00030415F4330417F40050030414E4F7E50C2
:104AD00083FF6E930A2CD2D328117FE02000C24FAF
:104AE000FD11F2407D005A11023CC24F5A11B01222
:104AF000984A3041B0126645F2F0FEFF2811F240AC
:104B00007E005A11B0127845B012984A30410B120B
:104B10000A120912D2B328110924F2F0FEFF28115B
:104B2000D242FD115A11B012984A873C5F42FC11E3
:104B30007F537F927D2C4F4F0F5F104FA6615F42D6
:104B40006A11B012CC4A4B4FF2400300FC115E4296
:104B50006A110A3C5F421912B012CC4A4B4FF24024
:104B60000300FC115E4219121F425412B012C844D5
:104B7000824F54125B3C5F4284110F5F3F507011B3
:104B80005F4F0100B012CC4A4B4F594284114A4941
:104B90000D4A0D5D3D5070115E4D01001F425412D3
:104BA000B012C844824F54125D4264115D53C24D2D
:104BB000641159931B205E4238114F4E1F523E1113
:104BC0006F4F5E53C24E3811C29E3A11032CE2431E
:104BD00072114F430E4A0E5E3E507011EE9300006C
:104BE00005247D930324CE4F0100203CE242FC11BA
:104BF0001D3C5F425412B012CC4A4B4FF2400500AC
:104C0000FC11143C1F4254128F10B012CC4A4B4F6F
:104C1000F2400600FC110A3CB012F44A4B4FF2403D
:104C20000700FC11033CF242FC11053C4B930524A8
:104C3000F2400900FC11B0126C4639413A413B4147
:104C40003041B0126645F2D010003100B012784504
:104C50003041B0126645F2D020003100B0127845E4
:104C60003041B0126645F2D040003100B0127845B4
:104C700030410B120A1209120812B01266454C4F4D
:104C80001A427E111B4280111D429001013C0D4FC2
:104C90001F4290010D9FFB231F4280015FF30A24F6
:104CA0001A530B631D429001013C0D4F1F429001AE
:104CB0000D9FFB2312C30D1012C30D1012C30D1054
:104CC00012C30D1012C30D10084D09430E4A0F4BAD
:104CD0004FEA0FEA8F104E4E8E100E5E0F6F0E5E73
:104CE0000F6F0E5E0F6F08DE09DF4F4CB012784574
:104CF0000E480F49384139413A413B4130410B128E
:104D00000A12B012724C1C426C111D426E110A4CF8
:104D10000B4D1A5266111B6268110F9D0928022063
:104D20000E9C06280B9D102809200A9C0D28063C85
:104D30000B9D04280D9B27280A9C252C0F9B0428DB
:104D40000B9F21280E9A1F2C0C4A0D4B0C8E0D7FA9
:104D50000D9303203C90010418280A4E0B4F3A5043
:104D600000040B63824A6C11824B6E110A4C0B4D8E
:104D70003A5000FC3B63824A6611824B68113C400A
:104D800000040D430A3C0C430D43824A6C11824BD4
:104D90006E1182436611824368110C5C0C5C0C5CE2
:104DA0000C5C0C5C0E5E0E5E0E5E0E5E0E5E1F42B6
:104DB0009001013C0F4D1D4290010F9DFB230B4FB5
:104DC0000B8E0B9C09281F429001013C0F4E1E4286
:104DD00090010F9EFB230C3C0C8B3C9003000C2C91
:104DE0001F429001013C0F4E1E4290010F9EFB237B
:104DF0002F53824F9201033C0C5F824C9201B2F020
:104E0000FEFF8201B2D0100082013A413B413041A5
:104E10007F92502C4F4F0F5F104FB6611F4282019F
:104E20008F105FF303241F4292013041B2F0EFFF75
:104E300082018293661107208293681104204F43F8
:104E4000B01280453041B012FE4C30411F42840107
:104E50008F105FF32F241F42940130411F428601BF
:104E60008F105FF327241F42960130411F428801B3
:104E70008F105FF31F241F42980130411F428A01A7
:104E80008F105FF317241F429A0130411F428C019B
:104E90008F105FF30F241F429C0130411F428E018F
:104EA0008F105FF307241F429E01304192537E1101
:104EB0008263801130410B120A120912594290117B
:104EC00069B36F241A4288111B428A111C428C114B
:104ED0001D428E110E8A0F7B0F9D632802200E9CAF
:104EE000602859B3052479F0FDFFC2499011083CB0
:104EF0000E4C0F4D0E5A0F6B824E8811824F8A1145
:104F000012124811121246113012C661B012FE5729
:104F10003150060092B346110824B0126645F2F0F3
:104F2000EFFF3100B0127845023CB012424C1E42F5
:104F300046111F4248112EF30FF30E9302200F93D8
:104F40000824B0126645F2F0DFFF3100B012784558
:104F5000023CB012524C1E4246111F4248112EF222
:104F60000FF30E9302200F930824B0126645F2F05F
:104F7000BFFF3100B0127845023CB012624C1E42B5
:104F800046111F4248111E530F63824E4611824F35
:104F900048113E9206200F9304208243461182431B
:104FA00048115F43B012804539413A413B4130419D
:104FB0000B121F42001112C30F10C24F1A12B0126F
:104FC00066454B4FD2437800B01292445E420311C3
:104FD0007EF0FAFF5ED3C24E7800D242041179000F
:104FE000D24205117A001E420011C24E7C008E1082
:104FF0004E4EC24E7D00D24202117B005E4206112F
:105000007EF003007E9003000B20F2D040001B00D6
:10501000F2D080FF1B005E4205007ED030000F3CC6
:105020006E931020F2F0DFFF0500F2F0BFFF1B00CF
:10503000F2D080FF1B005E4205007ED01000C24E01
:105040000500123C5E930E20F2F0EFFF0500F2F037
:105050007F001B00F2D040001B005E4205007ED0A6
:105060002000ED3FB012B044F2F0FEFF7800F2F005
:10507000CFFF0300F2F0CFFF01004F4BB012784595
:10508000B0126645F2F0CFFF0300F2D0300001000D
:10509000B01278453B4130410B120A120912081236
:1050A0000712061221837F900C00022830407455AD
:1050B0004F4F0F5F104FCA61C2935B1127201A42F6
:1050C00014121B421612B01266451842661119429C
:1050D000681118526C1119626E11B0127845824A2B
:1050E0001412824B1612C2435B11B01266458248FD
:1050F0006C1182496E11824A6611824B6811814F90
:105100000000B012FE4C2F41B0127845B012724C24
:10511000283CB012724C0A4E0B4FB2F0EFFF8201E6
:10512000E2B39011022030407455084E094F1882A6
:10513000881119728A111E428C111F428E110E881D
:105140000F79084E094F0F493E93022430405A55BB
:105150003990FF7F022430405A55304074550E4A32
:105160000F4BB012B64E304074558248141282492B
:105170001612D2435B11B0126645824A6C11824B03
:105180006E118248661182496811814F0000B01289
:10519000FE4C2F41D43CC2931B1202203040745568
:1051A00038407C114B435A435F421B124ABF0A24CA
:1051B000884300004FCAC24F1B127E4003004F4B72
:1051C000B0124E4A4A5A5B5328537B92ED2330402B
:1051D00074555B4213114E4B0E5E8E437C11B01220
:1051E0004E495E434F4B3040C254B0126645C243F5
:1051F00052125B42FC1158437B92012448435A43AC
:105200007B90090001244A43489302204A930724D3
:10521000C243FC115E4284110E5ECE437011B01287
:105220007845489302204A931E24B0126645D25313
:105230001912F29043006A110E205E4275115E92BF
:1052400074110C245E53C24E75117E900600062820
:10525000C2437511033C58E35B43023C4B43484354
:10526000B0127845033C4B935F204843B01266452B
:105270005A424411B01278454A930824B012664548
:10528000F2400A00FC11B0127845413CB01266456C
:10529000594270115A427211B0127845B0126645E7
:1052A0005642741157427511B01278454697202422
:1052B00049931E20B01266454A4FE2437011B01266
:1052C00066455742741159427511B0127845479995
:1052D00005245E4275115E4E7611013C4E43C24E6E
:1052E0007111F24043006A11C24384114F4A0B3CD2
:1052F0004F4A7F536F930B2CB0126645F240450026
:105300006A11D2438411B01278455A43013C4A4392
:105310004B930B24B0126645C2483611B012784543
:105320007F42B0128045013C4A43B01266454B4F64
:10533000F2900A00FC110720B0124A464F4BB012FF
:10534000784530407455B01278454A930220304079
:105350007455B012664582435412C2436411D2435D
:10536000FC11B0127845B012F44A4F93022030403D
:105370007455B0126645F2400900FC11B012784530
:10538000B0126C4630407455B0126645C293261177
:105390002B20E2432611C2430212B0127845B0120C
:1053A00066454B4FD293081112205E4226115E9340
:1053B00005207F400A00B0128045093C6E9307200B
:1053C000D24202120811F24003002611013C4F4B59
:1053D000B0127845C29308110320B012B04F063CBA
:1053E000B0126645C2432611B0127845B012664528
:1053F000C243FC11C2436011A23F7F400700AA3C98
:10540000B012724A4F93B62482935E11B3208293F6
:105410001C12B020B01266454B4FF29003002611CB
:105420008D23C29308118A235D420A117D931B24A8
:105430004E4D5F4E5C11C24F0A117F930220F24322
:105440000911FE435C11C24D0212F2430811D2430E
:1054500026117F400A00B0128045D2437800F2F056
:10546000CFFF01000D3CD2430811C2432611D243A5
:105470007800F2F0CFFF0100B012B044B0129244B5
:10548000B012B0445B3F82433C11B01266455B42B0
:105490003611B0127845C293341102247B400300C8
:1054A0001F423E11C29332116520C2931311622034
:1054B000829F7C115F2082437C11B0124E494E4B7B
:1054C0004F43B0124E4A563CB01266451A422C1158
:1054D0005B424D11B0127845B01266454E4B0E5EE0
:1054E0008E4A0E115E4242114B9303247EF0FBFF65
:1054F000023C7EF0FDFFC24E4211C24330113040EB
:105500003E53B0126645D24202120811F240030027
:105510002611B0127845C29308112C20B012B04F5A
:10552000293CF2432412F2432312F2406400291270
:1055300082937C110D20B2401E127C11F2401C009F
:105540002712C29313111624B01292494F931224BA
:105550007F400B00B01280450D3C0F930234304069
:105560005E51022430406A511E93022C30405E513D
:1055700030406A51215336413741384139413A412F
:105580003B413041F29318120824B0120C457F932E
:105590000624B01298505F4330414F4330414F438F
:1055A00030410F120E120D120C124F43B0122A4549
:1055B0003C413D413E413F41B1C0F000000000137D
:1055C0000F120E120D120C121F422E014F4F12C35A
:1055D0004F10B0122A453C413D413E413F41B1C0D0
:1055E000F000000000130F120E120D120C124F43A8
:1055F000B012104E3C413D413E413F41B1C0F00030
:10560000000000130F120E120D120C121F421E0189
:105610004F4F12C34F10B012104E3C413D413E411E
:105620003F41B1C0F000000000130F120E120D1226
:105630000C125E427E005F4226114F9331242D3CB6
:10564000C29308112D201D425E110D930E241F429E
:10565000FA110D5FCD4E00001F53824FFA111F92B9
:1056600086111E2882435E111B3C7E907E00032023
:105670004E435F430F3C7E907D000320E2D3281110
:105680000F3CE2B328110524F2F0FDFF28117EE063
:1056900020004F43B0129246033C7F900300D02776
:1056A0003C413D413E413F41B1C0F000000000138C
:1056B0000F120E120D120C125F4226114F931E2470
:1056C0001A3CC29308111A20C2934C110F201F429A
:1056D00062111F9200120A2C1E421C120E5F6E4EA7
:1056E0001F53824F6211C24E7F00083C82431C123E
:1056F000B0120E4B033C7F900300E3273C413D4139
:105700003E413F41B1C0F00000000013B0126645B9
:10571000D2931E110420B01278450F433041C2933A
:1057200020110420B01278451F433041D2431E118E
:10573000B0127845B012C0490F4330410B120B4FE5
:10574000C2931E110720E29220110428D2431E1199
:10575000B012C049B01266454E4F5C4220117C9297
:10576000142C5F4222114D4FCD4B04125F53C24F98
:1057700022117F920220C24322115C53C24C20119D
:105780004F4EB01278450F43033CB01278453F436B
:105790003B4130410B120A12091208123D900600DB
:1057A000092C0C4F043CCC4E00001C533D530D9370
:1057B000FA23203C4E4E4B4E0B9303240C4B8C1083
:1057C0000BDC1FB306243D53CF4E0000094F195385
:1057D000013C094F0C4D12C30C100A49084C8A4B6E
:1057E00000002A533853FB230C5C0C591DF3022490
:1057F000CC4E0000384139413A413B4130410D41E6
:105800002D533E4D3F403C57B012B45930410D4EE0
:105810000E4F3F403C57B012B45930410B120A12A0
:105820000912081207120612051204123182084FDB
:10583000814E0400094D1F411A001D411C004C4DB2
:10584000044D841045444E4F7EB040001124F14079
:10585000300000000E4F8E105EF303247E4058008F
:10586000023C7E407800C14E01000C412C530F3C9D
:105870007EF020000424F14030000000043C4C93F2
:105880000524C14D00000C411C53013C0C410A4C45
:105890008C108C118C108C110B4C06410C418C100F
:1058A0008C118C108C11074C0A860B770E4F8E10C2
:1058B000C14E02006EF202240745013C37434F4FB0
:1058C0007FB010003C201D4104003D531D53CD937B
:1058D0000000FC231D810400099A0228098A013C6A
:1058E0000943E1B302000524099502280985013C1A
:1058F0000943054D079D012C05474F930D38F14095
:105900002000060006430B430E3C0F410F566F4F1D
:105910008F1116538812013C0643069AF63B0B4A38
:10592000F14030000600058B053C5F4106008F11F9
:1059300088121B530F450F5B0F99F72B0A3C064348
:105940000B43073C1B530F410F566F4F8F111653DC
:105950008812069AF73BE1B3020002244A44083C4D
:105960001A4104000A8B0D3C3F40300088127A53E4
:105970004A93FA2344440B54F33F37538F11881250
:105980001B530F4A0F5B6F4F4F9307240793F52369
:10599000043C3F40200088121B530B99FA2B0F4BFD
:1059A00031523441354136413741384139413A412C
:1059B0003B4130410B120A1209120812071206125B
:1059C000051204123150B6FF814F3A00064E054DC4
:1059D000814E3E00C1432F00C1432B00C1432E0026
:1059E000C1432A008143300081432600074381439D
:1059F0002C000E413E501C00814E1C0030402E6099
:105A00000F461F53814F400007931E207E902500B4
:105A10001320814300008143020081463E00C143C0
:105A20002F00C1432B00C1432E00C1432A008143F4
:105A300030003040246005478E110F4E91123C001B
:105A400091532C0030400A607E906300C5247E9004
:105A5000640027347E90300094247E9031001A3404
:105A60007E902A0077247E902B000A347E902300BB
:105A700042247E902500E0277E9020003220563C74
:105A80007E902D0049247E902E005B247E902B007A
:105A90002820473C7E903A008C387E905800212088
:105AA000E93C7E906F0024247E9070000A347E9042
:105AB0006900E3247E906C0022247E906400112013
:105AC000DC3C7E90730098247E90740004347E90B9
:105AD00070000720B83C7E907500D1247E9078003D
:105AE000D22419413E0018412C0008893040F85F4B
:105AF000B1422800CB3CF1D200003040286069411F
:105B000059F36E4104247EF0FEFF6ED3013C5ED358
:105B1000C14E000030402860F1D01000000030403D
:105B20002860F1402B00020030402860F1902B00EB
:105B30000200022030402860F14020000200304086
:105B40002860C1932A00022430400E60D1432E0009
:105B5000304028600E452E532A450A930338814A67
:105B600026000D3CC1932E00022430401E60F1D06F
:105B7000100000003AE3814A260091532600054EAA
:105B8000273C819326001520C1932E0012206941E5
:105B900079F010005E4301244E434E4E0E110E4329
:105BA0004E106A417AF07F004ADEC14A0000304060
:105BB00028601A4126000A5A0C4A0C5C0C5C0A5CEC
:105BC000814A2600B150D0FF26008E11815E26004A
:105BD000D1432A0030402860074527536E45C193C2
:105BE0002E000320C1932A002627C14E0400C14382
:105BF00005000E412E52033C074527532E45C19305
:105C00002E000724E1D201001F412600C14F0300EE
:105C1000063CC1932A0003249141260030000E93D4
:105C200002203E40EE6111120400111204001D41D9
:105C300034001F413E00B0121C582152815F2C00DD
:105C4000054730400A6007452753294581491E0012
:105C50005E43099301204E434E5E4E5E4E5E6A41A6
:105C60007AF0F7FF4ADEC14A00000547B140100054
:105C70002800533CD1D30100063CE1D20000B140E2
:105C80000A002800033CB140100028006B416BB3B0
:105C900024240C453C5228451745020016450400B3
:105CA0001B45060081481E008147200081462200D6
:105CB000814B2400D1432B00089306200793042036
:105CC000069302200B930224C1432B000B5B0B4372
:105CD0000B6BC14B2F00054C203C5BF307450D249B
:105CE000275228451B45020081481E00814B200099
:105CF000D1432B0008930920063C27532B45814BA9
:105D00001E00D1432B000B930224C1432B000B5BDD
:105D10000B430B6BC14B2F000547F1B2000012245F
:105D2000C1932B000F206841B19010002800032080
:105D300078D04000053CB1922800042078D02000A3
:105D4000C1480000684168B23024C1932F002D245F
:105D5000F1402D00020068B31124B1E31E00B1E34D
:105D60002000B1E32200B1E3240091531E008163BF
:105D700020008163220081632400173C58B30F2464
:105D80001A411E001B4120003AE33BE30E4A0F4B31
:105D90001E530F63814E1E00814F2000063C1A41A6
:105DA0001E003AE31A53814A1E00C1431B0068B328
:105DB0006A2416411E00914120003C001841220037
:105DC00014412400074137501A0009469141280028
:105DD00032001B4128008B108B118B108B11814BD3
:105DE0003400814B3600814B380011123A001112F9
:105DF0003A0011123A0011123A000C491D414400B8
:105E00000E480F44B012386131520B4C3C900A00DE
:105E100005347B503000C74B00000C3C4B4CD1B3D9
:105E2000010003247A403700023C7A4057004A5B65
:105E3000C74A00000647365311123A0011123A00C1
:105E400011123A0011123A000C491D4144000E484B
:105E50000F44B01212613152094C814D3C00084E82
:105E6000044F37530C93B2230D93B0230E93AE23FC
:105E70000F93AC2381431E00814320008143220005
:105E8000814324006C3C58B33E2414411E0017414A
:105E90002000084138501A00194128008910891142
:105EA000891089111C4128000D490E440F47B0127A
:105EB000AA600B4E3E900A0005347B503000C84B60
:105EC00000000C3C4B4ED1B3010003247A40370054
:105ED000023C7A4057004A5BC84A000006483653E5
:105EE0001C4128000D490E440F47B0127460044E47
:105EF000074F38530E93D0230F93CE2381431E00B8
:105F0000814320002C3C17411E00084138501A00E4
:105F10001E4128000F47B0126C600D4F3F900A00E1
:105F200005347D503000C84D00000C3C4D4FD1B3BE
:105F3000010003247C403700023C7C4057004C5D4C
:105F4000C84C0000064836531E4128000F47B012C7
:105F50005260074F38530F93DB2381431E00B190EB
:105F60000A0028000224C1430200C1932E002A2403
:105F70000F413F501C00814F42001A411C008A1003
:105F80008A118A108A11814A4400814646000A46D5
:105F90008A108A118A108A11814A48001C414200E5
:105FA0001D4144001C8146001D7148002C831C913A
:105FB00026000E2CE1D301005E4126004E8CC14E1E
:105FC0000300063CC1932A000324914126003000BF
:105FD00011120400111204001D4134000E461E531C
:105FE0001F413E00B0121C582152815F2C000D3C15
:105FF0007F498F1191123C000E490E5819914000B3
:10600000F72B81493E00814E2C0007430E3C914105
:1060100026003000D1432E00C1432A00033C054E28
:10602000D1432A00814326001743164140006E46A3
:106030004E9302243040005A1F412C0031504A0038
:106040003441354136413741384139413A413B418C
:1060500030417C4010000D4E0E430F5F0E6E0E9DC2
:1060600002280E8D1FD31C83F8233041B0125260DA
:106070000F4E30410B120A120912794020000A4CCF
:106080000B4D0C430D430E5E0F6F0C6C0D6D0D9B95
:10609000062802200C9A03280C8A0D7B1ED3198334
:1060A000F22339413A413B413041B01274600E4C09
:1060B0000F4D304107120612051204123012400033
:1060C00004480549064A074B084309430A430B4362
:1060D0000C5C0D6D0E6E0F6F086809690A6A0B6B18
:1060E0000B970E2808200A960B28052009950828EA
:1060F000022008940528088409750A760B771CD3BA
:1061000091830000E5232153344135413641374125
:1061100030410B120A120912081218410A001941E3
:106120000C001A410E001B411000B012B46038413F
:1061300039413A413B4130410B120A12091208120F
:1061400018410A0019410C001A410E001B411000B1
:10615000B012B4600C480D490E4A0F4B384139411A
:106160003A413B4130410B120A1209120812071240
:1061700018410C0019410E001A4110001B41120079
:10618000B012B4601741140087480000874902002C
:10619000874A0400874B06003741384139413A416C
:0661A0003B4130410013F9
:1061A6003E4B544B764BF24B044C184C264C364C1B
:1061B6001C4E4C4E5C4E6C4E7C4E8C4E9C4EAC4EE9
:1061C60025640A00B85012519651D251EA518853AB
:1061D600FA5300548654C854025522550000100044
:1061E60050009000D000F000286E756C6C290000FD
:1061F600090010102008030001FFFF009211921100
:0E620600C611FF0101001200841020080300E1
:10FFE0004C444C44B0562A564C44C055A2554C443F
:10FFF0004C444C444C444C440456E6554C4400405C
:0400000300004000B9
:00000001FF
